{
  "RSpec": {
    "coverage": {
      "/home/studinf/psobocinski/ruby/tar/labs/zadanie_moje/lib/bubble_sort.rb": [
        null,
        1,
        13,
        10,
        31,
        31,
        112,
        43,
        43,
        null,
        null,
        31,
        null,
        10,
        null
      ],
      "/home/studinf/psobocinski/ruby/tar/labs/zadanie_moje/spec/qsort_spec.rb": [
        1,
        1,
        null,
        1,
        null,
        1,
        1,
        2,
        null,
        1,
        1,
        1,
        1,
        null,
        1,
        1,
        1,
        1,
        1,
        null,
        1,
        1,
        1,
        1,
        1,
        null,
        null
      ],
      "/home/studinf/psobocinski/ruby/tar/labs/zadanie_moje/lib/qsort.rb": [
        null,
        1,
        96,
        42,
        110,
        42,
        null
      ],
      "/home/studinf/psobocinski/ruby/tar/labs/zadanie_moje/spec/shell_sort_spec.rb": [
        1,
        1,
        null,
        1,
        null,
        1,
        1,
        2,
        null,
        1,
        1,
        1,
        1,
        1,
        null,
        1,
        1,
        1,
        1,
        1,
        null,
        1,
        1,
        1,
        1,
        1,
        1,
        null,
        null
      ],
      "/home/studinf/psobocinski/ruby/tar/labs/zadanie_moje/lib/shell_sort.rb": [
        null,
        1,
        14,
        14,
        21,
        64,
        64,
        64,
        28,
        28,
        null,
        64,
        null,
        21,
        null,
        14,
        null
      ]
    },
    "timestamp": 1447754713
  }
}
