{
  "RSpec": {
    "coverage": {
      "/home/studinf/psobocinski/ruby/github/zadanie_2/lib/bubble_sort.rb": [
        null,
        1,
        6,
        5,
        29,
        29,
        448,
        216,
        216,
        null,
        null,
        29,
        null,
        5,
        null
      ],
      "/home/studinf/psobocinski/ruby/github/zadanie_2/spec/qsort_spec.rb": [
        1,
        1,
        null,
        1,
        null,
        1,
        1,
        2,
        null,
        1,
        1,
        null,
        1,
        1,
        null,
        1,
        1,
        null,
        1,
        2,
        null,
        1,
        1,
        null,
        null
      ],
      "/home/studinf/psobocinski/ruby/github/zadanie_2/lib/qsort.rb": [
        null,
        1,
        84,
        39,
        278,
        39,
        null
      ],
      "/home/studinf/psobocinski/ruby/github/zadanie_2/spec/shell_sort_spec.rb": [
        1,
        1,
        null,
        1,
        null,
        1,
        1,
        2,
        null,
        1,
        1,
        null,
        1,
        1,
        null,
        1,
        1,
        null,
        1,
        2,
        null,
        1,
        1,
        null,
        null
      ],
      "/home/studinf/psobocinski/ruby/github/zadanie_2/lib/shell_sort.rb": [
        null,
        1,
        6,
        6,
        10,
        68,
        68,
        68,
        38,
        38,
        null,
        68,
        null,
        10,
        null,
        6,
        null
      ]
    },
    "timestamp": 1448576562
  }
}
